mode: count
github.com/Bhinneka/alpha/api/main.go:17.13,18.25 1 2
github.com/Bhinneka/alpha/api/main.go:22.2,28.12 5 1
github.com/Bhinneka/alpha/api/main.go:31.2,31.11 1 1
github.com/Bhinneka/alpha/api/main.go:18.25,19.22 1 1
github.com/Bhinneka/alpha/api/main.go:28.12,30.3 1 1
github.com/Bhinneka/alpha/api/config/config.go:22.13,23.21 1 1
github.com/Bhinneka/alpha/api/config/config.go:23.21,28.3 4 1
github.com/Bhinneka/alpha/api/config/internal/opentracing/jaeger.go:14.24,31.16 3 2
github.com/Bhinneka/alpha/api/config/internal/opentracing/jaeger.go:35.2,35.32 1 1
github.com/Bhinneka/alpha/api/config/internal/opentracing/jaeger.go:31.16,33.13 2 1
github.com/Bhinneka/alpha/api/config/internal/postgresql/get_connection_string.go:9.48,11.51 1 6
github.com/Bhinneka/alpha/api/config/internal/postgresql/get_connection_string.go:15.2,22.3 1 5
github.com/Bhinneka/alpha/api/config/internal/postgresql/get_connection_string.go:11.51,12.56 1 1
github.com/Bhinneka/alpha/api/config/internal/postgresql/get_db.go:18.27,22.16 3 2
github.com/Bhinneka/alpha/api/config/internal/postgresql/get_db.go:26.2,29.11 3 1
github.com/Bhinneka/alpha/api/config/internal/postgresql/get_db.go:22.16,23.13 1 1
github.com/Bhinneka/alpha/api/config/internal/postgresql/get_db.go:34.28,38.16 3 2
github.com/Bhinneka/alpha/api/config/internal/postgresql/get_db.go:42.2,45.11 3 1
github.com/Bhinneka/alpha/api/config/internal/postgresql/get_db.go:38.16,39.13 1 1
github.com/Bhinneka/alpha/api/config/internal/postgresql/set_db_callback.go:11.33,18.2 5 3
github.com/Bhinneka/alpha/api/config/internal/postgresql/set_db_callback.go:20.40,25.2 2 1
github.com/Bhinneka/alpha/api/config/internal/postgresql/set_db_stats.go:13.45,14.39 1 9
github.com/Bhinneka/alpha/api/config/internal/postgresql/set_db_stats.go:18.2,18.51 1 8
github.com/Bhinneka/alpha/api/config/internal/postgresql/set_db_stats.go:22.2,23.16 2 7
github.com/Bhinneka/alpha/api/config/internal/postgresql/set_db_stats.go:26.2,29.16 3 7
github.com/Bhinneka/alpha/api/config/internal/postgresql/set_db_stats.go:32.2,35.16 3 7
github.com/Bhinneka/alpha/api/config/internal/postgresql/set_db_stats.go:39.2,42.16 3 7
github.com/Bhinneka/alpha/api/config/internal/postgresql/set_db_stats.go:45.2,47.45 2 7
github.com/Bhinneka/alpha/api/config/internal/postgresql/set_db_stats.go:14.39,15.13 1 1
github.com/Bhinneka/alpha/api/config/internal/postgresql/set_db_stats.go:18.51,19.56 1 1
github.com/Bhinneka/alpha/api/config/internal/postgresql/set_db_stats.go:23.16,25.3 1 1
github.com/Bhinneka/alpha/api/config/internal/postgresql/set_db_stats.go:29.16,31.3 1 1
github.com/Bhinneka/alpha/api/config/internal/postgresql/set_db_stats.go:35.16,37.3 1 1
github.com/Bhinneka/alpha/api/config/internal/postgresql/set_db_stats.go:42.16,44.3 1 2
github.com/Bhinneka/alpha/api/config/internal/sentry/sentry.go:11.19,14.17 1 2
github.com/Bhinneka/alpha/api/config/internal/sentry/sentry.go:14.17,16.13 2 1
github.com/Bhinneka/alpha/api/echo/start.go:12.14,21.78 6 1
github.com/Bhinneka/alpha/api/echo/start.go:21.78,22.13 1 1
github.com/Bhinneka/alpha/api/echo/setup_handler.go:9.33,13.2 2 2
github.com/Bhinneka/alpha/api/echo/setup_middleware.go:15.36,17.16 2 4
github.com/Bhinneka/alpha/api/echo/setup_middleware.go:20.2,27.5 6 4
github.com/Bhinneka/alpha/api/echo/setup_middleware.go:17.16,19.3 1 2
github.com/Bhinneka/alpha/api/echo/handler/v1/charlie/handler_add_charlie.go:16.54,24.39 6 2
github.com/Bhinneka/alpha/api/echo/handler/v1/charlie/handler_add_charlie.go:29.2,31.30 2 1
github.com/Bhinneka/alpha/api/echo/handler/v1/charlie/handler_add_charlie.go:24.39,27.3 2 1
github.com/Bhinneka/alpha/api/echo/handler/v1/charlie/handler_delete_charlie.go:15.57,23.39 6 2
github.com/Bhinneka/alpha/api/echo/handler/v1/charlie/handler_delete_charlie.go:28.2,30.30 2 1
github.com/Bhinneka/alpha/api/echo/handler/v1/charlie/handler_delete_charlie.go:23.39,26.3 2 1
github.com/Bhinneka/alpha/api/echo/handler/v1/charlie/handler_get_charlie.go:15.54,23.39 6 2
github.com/Bhinneka/alpha/api/echo/handler/v1/charlie/handler_get_charlie.go:28.2,30.30 2 1
github.com/Bhinneka/alpha/api/echo/handler/v1/charlie/handler_get_charlie.go:23.39,26.3 2 1
github.com/Bhinneka/alpha/api/echo/handler/v1/charlie/handler_update_charlie.go:15.57,23.39 6 2
github.com/Bhinneka/alpha/api/echo/handler/v1/charlie/handler_update_charlie.go:28.2,30.30 2 1
github.com/Bhinneka/alpha/api/echo/handler/v1/charlie/handler_update_charlie.go:23.39,26.3 2 1
github.com/Bhinneka/alpha/api/echo/handler/v1/charlie/handler.go:19.27,23.2 1 2
github.com/Bhinneka/alpha/api/echo/handler/v1/charlie/handler.go:25.46,30.2 4 1
github.com/Bhinneka/alpha/api/echo/handler/v1/health/handler.go:13.27,15.2 1 2
github.com/Bhinneka/alpha/api/echo/handler/v1/health/handler_check.go:10.49,12.2 1 1
github.com/Bhinneka/alpha/api/echo/middleware/body_dump.go:9.55,11.17 2 1
github.com/Bhinneka/alpha/api/echo/middleware/body_dump.go:14.2,17.43 4 1
github.com/Bhinneka/alpha/api/echo/middleware/body_dump.go:11.17,13.3 1 1
github.com/Bhinneka/alpha/api/echo/middleware/error_handler.go:14.59,15.41 1 2
github.com/Bhinneka/alpha/api/echo/middleware/error_handler.go:15.41,17.18 2 2
github.com/Bhinneka/alpha/api/echo/middleware/error_handler.go:20.3,24.42 4 2
github.com/Bhinneka/alpha/api/echo/middleware/error_handler.go:28.3,30.45 3 2
github.com/Bhinneka/alpha/api/echo/middleware/error_handler.go:33.3,34.36 2 2
github.com/Bhinneka/alpha/api/echo/middleware/error_handler.go:17.18,19.4 1 2
github.com/Bhinneka/alpha/api/echo/middleware/error_handler.go:24.42,26.4 1 2
github.com/Bhinneka/alpha/api/echo/middleware/error_handler.go:30.45,32.4 1 1
github.com/Bhinneka/alpha/api/echo/middleware/jaeger.go:16.42,17.73 1 2
github.com/Bhinneka/alpha/api/echo/middleware/jaeger.go:17.73,23.138 5 2
github.com/Bhinneka/alpha/api/echo/middleware/jaeger.go:32.3,45.16 11 2
github.com/Bhinneka/alpha/api/echo/middleware/jaeger.go:49.3,49.39 1 2
github.com/Bhinneka/alpha/api/echo/middleware/jaeger.go:23.138,26.4 2 1
github.com/Bhinneka/alpha/api/echo/middleware/jaeger.go:26.9,30.4 3 1
github.com/Bhinneka/alpha/api/echo/middleware/jaeger.go:45.16,47.4 1 2
github.com/Bhinneka/alpha/api/echo/middleware/timeout.go:13.61,14.36 1 1
github.com/Bhinneka/alpha/api/echo/middleware/timeout.go:14.36,16.17 2 1
github.com/Bhinneka/alpha/api/echo/middleware/timeout.go:20.3,25.17 5 1
github.com/Bhinneka/alpha/api/echo/middleware/timeout.go:16.17,18.4 1 1
github.com/Bhinneka/alpha/api/lib/errorutil/error.go:14.34,21.2 3 7
github.com/Bhinneka/alpha/api/lib/errorutil/error.go:24.32,26.2 1 1
github.com/Bhinneka/alpha/api/lib/errorutil/error.go:29.52,32.2 2 3
github.com/Bhinneka/alpha/api/lib/errorutil/error.go:35.63,36.20 1 2
github.com/Bhinneka/alpha/api/lib/errorutil/error.go:38.14,40.37 2 1
github.com/Bhinneka/alpha/api/lib/errorutil/error.go:42.10,43.19 1 1
github.com/Bhinneka/alpha/api/lib/errorutil/error.go:48.33,49.31 1 2
github.com/Bhinneka/alpha/api/lib/errorutil/error.go:52.2,52.14 1 1
github.com/Bhinneka/alpha/api/lib/errorutil/error.go:49.31,51.3 1 1
github.com/Bhinneka/alpha/api/lib/errorutil/error.go:56.44,58.2 1 2
github.com/Bhinneka/alpha/api/lib/jsonschema/validate.go:13.57,19.16 5 3
github.com/Bhinneka/alpha/api/lib/jsonschema/validate.go:23.2,24.27 2 2
github.com/Bhinneka/alpha/api/lib/jsonschema/validate.go:30.2,30.21 1 2
github.com/Bhinneka/alpha/api/lib/jsonschema/validate.go:34.2,34.12 1 1
github.com/Bhinneka/alpha/api/lib/jsonschema/validate.go:19.16,21.3 1 1
github.com/Bhinneka/alpha/api/lib/jsonschema/validate.go:24.27,25.53 1 1
github.com/Bhinneka/alpha/api/lib/jsonschema/validate.go:25.53,27.4 1 1
github.com/Bhinneka/alpha/api/lib/jsonschema/validate.go:30.21,32.3 1 1
github.com/Bhinneka/alpha/api/lib/path/path.go:9.20,14.2 4 1
github.com/Bhinneka/alpha/api/lib/record/finish_transaction.go:8.48,9.16 1 2
github.com/Bhinneka/alpha/api/lib/record/finish_transaction.go:9.16,11.3 1 1
github.com/Bhinneka/alpha/api/lib/record/finish_transaction.go:11.8,13.3 1 1
github.com/Bhinneka/alpha/api/lib/record/validator.go:9.36,10.13 1 2
github.com/Bhinneka/alpha/api/lib/record/validator.go:13.2,13.12 1 1
github.com/Bhinneka/alpha/api/lib/record/validator.go:10.13,12.3 1 1
github.com/Bhinneka/alpha/api/lib/record/validator.go:17.39,18.32 1 2
github.com/Bhinneka/alpha/api/lib/record/validator.go:21.2,21.11 1 1
github.com/Bhinneka/alpha/api/lib/record/validator.go:18.32,20.3 1 1
github.com/Bhinneka/alpha/api/lib/record/validator.go:25.58,26.19 1 2
github.com/Bhinneka/alpha/api/lib/record/validator.go:29.2,30.20 2 1
github.com/Bhinneka/alpha/api/lib/record/validator.go:26.19,28.3 1 1
github.com/Bhinneka/alpha/api/lib/response/response.go:25.47,32.2 1 1
github.com/Bhinneka/alpha/api/lib/response/response.go:35.37,42.2 1 1
github.com/Bhinneka/alpha/api/lib/response/response.go:45.45,52.2 1 1
github.com/Bhinneka/alpha/api/lib/response/response.go:55.73,63.2 1 1
github.com/Bhinneka/alpha/api/lib/response/response.go:66.30,73.2 1 1
github.com/Bhinneka/alpha/api/lib/stringutil/camel_to_snake_case.go:12.42,16.2 3 9
github.com/Bhinneka/alpha/api/lib/tracer/set_error_opentracing.go:9.93,10.17 1 1
github.com/Bhinneka/alpha/api/lib/tracer/set_error_opentracing.go:10.17,14.3 3 1
github.com/Bhinneka/alpha/api/migration/sql.go:13.19,16.15 2 2
github.com/Bhinneka/alpha/api/migration/sql.go:20.2,23.12 3 1
github.com/Bhinneka/alpha/api/migration/sql.go:28.2,28.11 1 1
github.com/Bhinneka/alpha/api/migration/sql.go:16.15,17.50 1 1
github.com/Bhinneka/alpha/api/migration/sql.go:23.12,26.3 2 1
github.com/Bhinneka/alpha/api/migration/sql/migrate_charlie.go:12.34,14.33 2 1
github.com/Bhinneka/alpha/api/migration/sql/migrate_charlie.go:20.2,21.40 2 1
github.com/Bhinneka/alpha/api/migration/sql/migrate_charlie.go:14.33,15.61 1 1
github.com/Bhinneka/alpha/api/migration/sql/migrate_charlie.go:15.61,17.4 1 1
github.com/Bhinneka/alpha/api/migration/sql/migrate_charlie.go:21.40,22.68 1 1
github.com/Bhinneka/alpha/api/migration/sql/migrate_charlie.go:22.68,24.4 1 1
github.com/Bhinneka/alpha/api/service/domain/v1/charlie/domain.go:21.40,23.2 1 1
github.com/Bhinneka/alpha/api/service/domain/v1/charlie/domain.go:26.51,42.2 1 2
github.com/Bhinneka/alpha/api/service/domain/v1/charlie/domain_history.go:17.47,19.2 1 1
github.com/Bhinneka/alpha/api/service/repository/v1/charlie/sql_get_data_charlie.go:20.139,29.19 6 2
github.com/Bhinneka/alpha/api/service/repository/v1/charlie/sql_get_data_charlie.go:33.2,33.22 1 2
github.com/Bhinneka/alpha/api/service/repository/v1/charlie/sql_get_data_charlie.go:39.2,39.26 1 2
github.com/Bhinneka/alpha/api/service/repository/v1/charlie/sql_get_data_charlie.go:43.2,43.48 1 2
github.com/Bhinneka/alpha/api/service/repository/v1/charlie/sql_get_data_charlie.go:47.2,53.52 2 2
github.com/Bhinneka/alpha/api/service/repository/v1/charlie/sql_get_data_charlie.go:59.2,59.20 1 1
github.com/Bhinneka/alpha/api/service/repository/v1/charlie/sql_get_data_charlie.go:29.19,31.3 1 2
github.com/Bhinneka/alpha/api/service/repository/v1/charlie/sql_get_data_charlie.go:33.22,35.3 1 0
github.com/Bhinneka/alpha/api/service/repository/v1/charlie/sql_get_data_charlie.go:35.8,37.3 1 2
github.com/Bhinneka/alpha/api/service/repository/v1/charlie/sql_get_data_charlie.go:39.26,41.3 1 2
github.com/Bhinneka/alpha/api/service/repository/v1/charlie/sql_get_data_charlie.go:43.48,45.3 1 2
github.com/Bhinneka/alpha/api/service/repository/v1/charlie/sql_get_data_charlie.go:53.52,57.3 3 1
github.com/Bhinneka/alpha/api/service/repository/v1/charlie/sql_get_total_data_charlie.go:18.124,24.26 4 2
github.com/Bhinneka/alpha/api/service/repository/v1/charlie/sql_get_total_data_charlie.go:28.2,28.48 1 2
github.com/Bhinneka/alpha/api/service/repository/v1/charlie/sql_get_total_data_charlie.go:32.2,37.52 2 2
github.com/Bhinneka/alpha/api/service/repository/v1/charlie/sql_get_total_data_charlie.go:43.2,43.19 1 1
github.com/Bhinneka/alpha/api/service/repository/v1/charlie/sql_get_total_data_charlie.go:24.26,26.3 1 2
github.com/Bhinneka/alpha/api/service/repository/v1/charlie/sql_get_total_data_charlie.go:28.48,30.3 1 2
github.com/Bhinneka/alpha/api/service/repository/v1/charlie/sql_get_total_data_charlie.go:37.52,41.3 3 1
github.com/Bhinneka/alpha/api/service/repository/v1/charlie/sql_insert_charlie.go:15.123,22.48 4 3
github.com/Bhinneka/alpha/api/service/repository/v1/charlie/sql_insert_charlie.go:28.2,34.56 2 2
github.com/Bhinneka/alpha/api/service/repository/v1/charlie/sql_insert_charlie.go:40.2,40.19 1 1
github.com/Bhinneka/alpha/api/service/repository/v1/charlie/sql_insert_charlie.go:22.48,26.3 3 1
github.com/Bhinneka/alpha/api/service/repository/v1/charlie/sql_insert_charlie.go:34.56,38.3 3 1
github.com/Bhinneka/alpha/api/service/repository/v1/charlie/sql_is_exists_charlie.go:16.120,27.25 5 2
github.com/Bhinneka/alpha/api/service/repository/v1/charlie/sql_is_exists_charlie.go:31.2,31.48 1 2
github.com/Bhinneka/alpha/api/service/repository/v1/charlie/sql_is_exists_charlie.go:35.2,37.52 2 2
github.com/Bhinneka/alpha/api/service/repository/v1/charlie/sql_is_exists_charlie.go:43.2,43.20 1 1
github.com/Bhinneka/alpha/api/service/repository/v1/charlie/sql_is_exists_charlie.go:27.25,29.3 1 2
github.com/Bhinneka/alpha/api/service/repository/v1/charlie/sql_is_exists_charlie.go:31.48,33.3 1 2
github.com/Bhinneka/alpha/api/service/repository/v1/charlie/sql_is_exists_charlie.go:37.52,41.3 3 1
github.com/Bhinneka/alpha/api/service/repository/v1/charlie/sql_update_charlie.go:17.134,27.16 5 3
github.com/Bhinneka/alpha/api/service/repository/v1/charlie/sql_update_charlie.go:33.2,34.16 2 1
github.com/Bhinneka/alpha/api/service/repository/v1/charlie/sql_update_charlie.go:40.2,46.55 2 0
github.com/Bhinneka/alpha/api/service/repository/v1/charlie/sql_update_charlie.go:52.2,52.20 1 0
github.com/Bhinneka/alpha/api/service/repository/v1/charlie/sql_update_charlie.go:27.16,31.3 3 2
github.com/Bhinneka/alpha/api/service/repository/v1/charlie/sql_update_charlie.go:34.16,38.3 3 1
github.com/Bhinneka/alpha/api/service/repository/v1/charlie/sql_update_charlie.go:46.55,50.3 3 0
github.com/Bhinneka/alpha/api/service/repository/v1/charlie/sql.go:27.19,29.2 1 16
github.com/Bhinneka/alpha/api/service/repository/v1/charlie/sql_delete_charlie.go:16.134,27.16 5 3
github.com/Bhinneka/alpha/api/service/repository/v1/charlie/sql_delete_charlie.go:33.2,39.56 2 2
github.com/Bhinneka/alpha/api/service/repository/v1/charlie/sql_delete_charlie.go:45.2,45.20 1 1
github.com/Bhinneka/alpha/api/service/repository/v1/charlie/sql_delete_charlie.go:27.16,31.3 3 1
github.com/Bhinneka/alpha/api/service/repository/v1/charlie/sql_delete_charlie.go:39.56,43.3 3 1
